<?xml version="1.0" encoding="UTF-8"?>
<!-- Generated by org.testng.reporters.JUnitReportReporter -->
<testsuite skipped="0" hostname="Mujtaba-PC" name="tests.com.test.LinkedIn.Test_LoginPage" tests="1" failures="0" timestamp="17 May 2017 22:38:43 GMT" time="9.179" errors="0">
  <testcase name="LoginwithValidCredentials" time="9.179" classname="tests.com.test.LinkedIn.Test_LoginPage"/>
</testsuite> <!-- tests.com.test.LinkedIn.Test_LoginPage -->
