<?xml version="1.0" encoding="UTF-8"?>
<!-- Generated by org.testng.reporters.JUnitReportReporter -->
<testsuite skipped="0" hostname="Mujtaba-PC" name="tests.com.test.LinkedIn.Test_LoginPage" tests="1" failures="0" timestamp="29 May 2017 20:46:07 GMT" time="11.834" errors="0">
  <testcase name="LoginwithValidCredentials" time="11.834" classname="tests.com.test.LinkedIn.Test_LoginPage"/>
</testsuite> <!-- tests.com.test.LinkedIn.Test_LoginPage -->
